[26-May-2020 03:03:27 UTC] PHP Deprecated:  Methods with the same name as their class will not be constructors in a future version of PHP; GDLR_Import has a deprecated constructor in /home/humberto/public_html/pineda/wp-content/plugins/goodlayers-importer/goodlayers-importer.php on line 28
[26-May-2020 03:03:28 UTC] PHP Notice:  Undefined index: SERVER_PORT in /home/humberto/public_html/pineda/wp-content/themes/hotelmaster/functions.php on line 32
[27-May-2020 03:03:15 UTC] PHP Deprecated:  Methods with the same name as their class will not be constructors in a future version of PHP; GDLR_Import has a deprecated constructor in /home/humberto/public_html/pineda/wp-content/plugins/goodlayers-importer/goodlayers-importer.php on line 28
[27-May-2020 03:03:15 UTC] PHP Notice:  Undefined index: SERVER_PORT in /home/humberto/public_html/pineda/wp-content/themes/hotelmaster/functions.php on line 32
[28-May-2020 03:03:14 UTC] PHP Deprecated:  Methods with the same name as their class will not be constructors in a future version of PHP; GDLR_Import has a deprecated constructor in /home/humberto/public_html/pineda/wp-content/plugins/goodlayers-importer/goodlayers-importer.php on line 28
[28-May-2020 03:03:15 UTC] PHP Notice:  Undefined index: SERVER_PORT in /home/humberto/public_html/pineda/wp-content/themes/hotelmaster/functions.php on line 32
[30-May-2020 15:45:43 UTC] PHP Warning:  Error while sending QUERY packet. PID=4112 in /home/pineda/public_html/wp-includes/wp-db.php on line 2030
[30-May-2020 15:51:23 UTC] PHP Notice:  Automattic\Jetpack\Sync\Functions was called <strong>incorrectly</strong>. Not all plugins have loaded yet but we requested the class Automattic\Jetpack\Sync\Functions Please see <a href="https://wordpress.org/support/article/debugging-in-wordpress/">Debugging in WordPress</a> for more information. (This message was added in version dev-retry/phpcs-changed.) in /home/pineda/public_html/wp-includes/functions.php on line 4986
[30-May-2020 15:52:24 UTC] PHP Deprecated:  Methods with the same name as their class will not be constructors in a future version of PHP; GDLR_Import has a deprecated constructor in /home/pineda/public_html/wp-content/plugins/goodlayers-importer/goodlayers-importer.php on line 28
[30-May-2020 15:52:24 UTC] PHP Notice:  Automattic\Jetpack\Sync\Functions was called <strong>incorrectly</strong>. Not all plugins have loaded yet but we requested the class Automattic\Jetpack\Sync\Functions Please see <a href="https://wordpress.org/support/article/debugging-in-wordpress/">Debugging in WordPress</a> for more information. (This message was added in version dev-retry/phpcs-changed.) in /home/pineda/public_html/wp-includes/functions.php on line 4986
[30-May-2020 15:53:00 UTC] PHP Deprecated:  Methods with the same name as their class will not be constructors in a future version of PHP; GDLR_Import has a deprecated constructor in /home/pineda/public_html/wp-content/plugins/goodlayers-importer/goodlayers-importer.php on line 28
[30-May-2020 15:53:00 UTC] PHP Warning:  Cannot modify header information - headers already sent by (output started at /home/pineda/public_html/wp-content/plugins/goodlayers-importer/goodlayers-importer.php:28) in /home/pineda/public_html/wp-includes/pluggable.php on line 1265
[30-May-2020 15:53:00 UTC] PHP Warning:  Cannot modify header information - headers already sent by (output started at /home/pineda/public_html/wp-content/plugins/goodlayers-importer/goodlayers-importer.php:28) in /home/pineda/public_html/wp-includes/pluggable.php on line 1268
[30-May-2020 15:53:23 UTC] PHP Deprecated:  Methods with the same name as their class will not be constructors in a future version of PHP; GDLR_Import has a deprecated constructor in /home/pineda/public_html/wp-content/plugins/goodlayers-importer/goodlayers-importer.php on line 28
[30-May-2020 15:53:55 UTC] PHP Deprecated:  Methods with the same name as their class will not be constructors in a future version of PHP; GDLR_Import has a deprecated constructor in /home/pineda/public_html/wp-content/plugins/goodlayers-importer/goodlayers-importer.php on line 28
[30-May-2020 15:53:55 UTC] PHP Notice:  Automattic\Jetpack\Sync\Functions was called <strong>incorrectly</strong>. Not all plugins have loaded yet but we requested the class Automattic\Jetpack\Sync\Functions Please see <a href="https://wordpress.org/support/article/debugging-in-wordpress/">Debugging in WordPress</a> for more information. (This message was added in version dev-retry/phpcs-changed.) in /home/pineda/public_html/wp-includes/functions.php on line 4986
[30-May-2020 15:53:56 UTC] PHP Deprecated:  Methods with the same name as their class will not be constructors in a future version of PHP; GDLR_Import has a deprecated constructor in /home/pineda/public_html/wp-content/plugins/goodlayers-importer/goodlayers-importer.php on line 28
[30-May-2020 15:53:57 UTC] PHP Deprecated:  Methods with the same name as their class will not be constructors in a future version of PHP; GDLR_Import has a deprecated constructor in /home/pineda/public_html/wp-content/plugins/goodlayers-importer/goodlayers-importer.php on line 28
[30-May-2020 15:53:58 UTC] PHP Deprecated:  Methods with the same name as their class will not be constructors in a future version of PHP; GDLR_Import has a deprecated constructor in /home/pineda/public_html/wp-content/plugins/goodlayers-importer/goodlayers-importer.php on line 28
[30-May-2020 15:53:59 UTC] PHP Deprecated:  Methods with the same name as their class will not be constructors in a future version of PHP; GDLR_Import has a deprecated constructor in /home/pineda/public_html/wp-content/plugins/goodlayers-importer/goodlayers-importer.php on line 28
[30-May-2020 15:56:01 UTC] PHP Deprecated:  Methods with the same name as their class will not be constructors in a future version of PHP; GDLR_Import has a deprecated constructor in /home/pineda/public_html/wp-content/plugins/goodlayers-importer/goodlayers-importer.php on line 28
[30-May-2020 15:56:01 UTC] PHP Notice:  Automattic\Jetpack\Sync\Functions was called <strong>incorrectly</strong>. Not all plugins have loaded yet but we requested the class Automattic\Jetpack\Sync\Functions Please see <a href="https://wordpress.org/support/article/debugging-in-wordpress/">Debugging in WordPress</a> for more information. (This message was added in version dev-retry/phpcs-changed.) in /home/pineda/public_html/wp-includes/functions.php on line 4986
[30-May-2020 15:56:06 UTC] PHP Deprecated:  Methods with the same name as their class will not be constructors in a future version of PHP; GDLR_Import has a deprecated constructor in /home/pineda/public_html/wp-content/plugins/goodlayers-importer/goodlayers-importer.php on line 28
[30-May-2020 15:56:06 UTC] PHP Deprecated:  Methods with the same name as their class will not be constructors in a future version of PHP; GDLR_Import has a deprecated constructor in /home/pineda/public_html/wp-content/plugins/goodlayers-importer/goodlayers-importer.php on line 28
[30-May-2020 15:56:07 UTC] PHP Warning:  Cannot modify header information - headers already sent by (output started at /home/pineda/public_html/wp-content/plugins/goodlayers-importer/goodlayers-importer.php:28) in /home/pineda/public_html/wp-includes/rest-api/class-wp-rest-server.php on line 1253
[30-May-2020 15:56:07 UTC] PHP Warning:  Cannot modify header information - headers already sent by (output started at /home/pineda/public_html/wp-content/plugins/goodlayers-importer/goodlayers-importer.php:28) in /home/pineda/public_html/wp-includes/rest-api/class-wp-rest-server.php on line 1253
[30-May-2020 15:56:07 UTC] PHP Warning:  Cannot modify header information - headers already sent by (output started at /home/pineda/public_html/wp-content/plugins/goodlayers-importer/goodlayers-importer.php:28) in /home/pineda/public_html/wp-includes/rest-api/class-wp-rest-server.php on line 1253
[30-May-2020 15:56:07 UTC] PHP Warning:  Cannot modify header information - headers already sent by (output started at /home/pineda/public_html/wp-content/plugins/goodlayers-importer/goodlayers-importer.php:28) in /home/pineda/public_html/wp-includes/rest-api/class-wp-rest-server.php on line 1253
[30-May-2020 15:56:07 UTC] PHP Warning:  Cannot modify header information - headers already sent by (output started at /home/pineda/public_html/wp-content/plugins/goodlayers-importer/goodlayers-importer.php:28) in /home/pineda/public_html/wp-includes/rest-api/class-wp-rest-server.php on line 1253
[30-May-2020 15:56:07 UTC] PHP Warning:  Cannot modify header information - headers already sent by (output started at /home/pineda/public_html/wp-content/plugins/goodlayers-importer/goodlayers-importer.php:28) in /home/pineda/public_html/wp-includes/rest-api/class-wp-rest-server.php on line 1253
[30-May-2020 15:56:07 UTC] PHP Warning:  Cannot modify header information - headers already sent by (output started at /home/pineda/public_html/wp-content/plugins/goodlayers-importer/goodlayers-importer.php:28) in /home/pineda/public_html/wp-includes/rest-api/class-wp-rest-server.php on line 1253
[30-May-2020 15:56:07 UTC] PHP Warning:  Cannot modify header information - headers already sent by (output started at /home/pineda/public_html/wp-content/plugins/goodlayers-importer/goodlayers-importer.php:28) in /home/pineda/public_html/wp-includes/rest-api/class-wp-rest-server.php on line 1253
[30-May-2020 15:56:07 UTC] PHP Warning:  Cannot modify header information - headers already sent by (output started at /home/pineda/public_html/wp-content/plugins/goodlayers-importer/goodlayers-importer.php:28) in /home/pineda/public_html/wp-includes/rest-api/class-wp-rest-server.php on line 1277
[30-May-2020 15:56:07 UTC] PHP Warning:  Cannot modify header information - headers already sent by (output started at /home/pineda/public_html/wp-content/plugins/goodlayers-importer/goodlayers-importer.php:28) in /home/pineda/public_html/wp-includes/rest-api/class-wp-rest-server.php on line 1253
[30-May-2020 15:56:07 UTC] PHP Warning:  Cannot modify header information - headers already sent by (output started at /home/pineda/public_html/wp-content/plugins/goodlayers-importer/goodlayers-importer.php:28) in /home/pineda/public_html/wp-includes/rest-api/class-wp-rest-server.php on line 1253
[30-May-2020 15:56:07 UTC] PHP Warning:  Cannot modify header information - headers already sent by (output started at /home/pineda/public_html/wp-content/plugins/goodlayers-importer/goodlayers-importer.php:28) in /home/pineda/public_html/wp-includes/rest-api/class-wp-rest-server.php on line 1253
[30-May-2020 15:56:07 UTC] PHP Warning:  Cannot modify header information - headers already sent by (output started at /home/pineda/public_html/wp-content/plugins/goodlayers-importer/goodlayers-importer.php:28) in /home/pineda/public_html/wp-includes/rest-api/class-wp-rest-server.php on line 1253
[30-May-2020 15:56:07 UTC] PHP Warning:  Cannot modify header information - headers already sent by (output started at /home/pineda/public_html/wp-content/plugins/goodlayers-importer/goodlayers-importer.php:28) in /home/pineda/public_html/wp-includes/rest-api/class-wp-rest-server.php on line 1253
[30-May-2020 15:56:07 UTC] PHP Warning:  Cannot modify header information - headers already sent by (output started at /home/pineda/public_html/wp-content/plugins/goodlayers-importer/goodlayers-importer.php:28) in /home/pineda/public_html/wp-includes/rest-api/class-wp-rest-server.php on line 1253
[30-May-2020 15:56:07 UTC] PHP Warning:  Cannot modify header information - headers already sent by (output started at /home/pineda/public_html/wp-content/plugins/goodlayers-importer/goodlayers-importer.php:28) in /home/pineda/public_html/wp-includes/rest-api/class-wp-rest-server.php on line 1253
[30-May-2020 15:56:07 UTC] PHP Warning:  Cannot modify header information - headers already sent by (output started at /home/pineda/public_html/wp-content/plugins/goodlayers-importer/goodlayers-importer.php:28) in /home/pineda/public_html/wp-includes/rest-api/class-wp-rest-server.php on line 1253
[30-May-2020 15:56:07 UTC] PHP Warning:  Cannot modify header information - headers already sent by (output started at /home/pineda/public_html/wp-content/plugins/goodlayers-importer/goodlayers-importer.php:28) in /home/pineda/public_html/wp-includes/rest-api/class-wp-rest-server.php on line 1253
[30-May-2020 15:56:07 UTC] PHP Warning:  Cannot modify header information - headers already sent by (output started at /home/pineda/public_html/wp-content/plugins/goodlayers-importer/goodlayers-importer.php:28) in /home/pineda/public_html/wp-includes/rest-api/class-wp-rest-server.php on line 1253
[30-May-2020 15:56:07 UTC] PHP Warning:  Cannot modify header information - headers already sent by (output started at /home/pineda/public_html/wp-content/plugins/goodlayers-importer/goodlayers-importer.php:28) in /home/pineda/public_html/wp-includes/rest-api/class-wp-rest-server.php on line 1277
[30-May-2020 15:56:07 UTC] PHP Warning:  Cannot modify header information - headers already sent by (output started at /home/pineda/public_html/wp-content/plugins/goodlayers-importer/goodlayers-importer.php:28) in /home/pineda/public_html/wp-includes/rest-api/class-wp-rest-server.php on line 1253
[30-May-2020 15:56:07 UTC] PHP Warning:  Cannot modify header information - headers already sent by (output started at /home/pineda/public_html/wp-content/plugins/goodlayers-importer/goodlayers-importer.php:28) in /home/pineda/public_html/wp-includes/rest-api/class-wp-rest-server.php on line 1253
[30-May-2020 15:56:07 UTC] PHP Deprecated:  Methods with the same name as their class will not be constructors in a future version of PHP; GDLR_Import has a deprecated constructor in /home/pineda/public_html/wp-content/plugins/goodlayers-importer/goodlayers-importer.php on line 28
[30-May-2020 15:56:07 UTC] PHP Deprecated:  Methods with the same name as their class will not be constructors in a future version of PHP; GDLR_Import has a deprecated constructor in /home/pineda/public_html/wp-content/plugins/goodlayers-importer/goodlayers-importer.php on line 28
[30-May-2020 15:56:07 UTC] PHP Warning:  Cannot modify header information - headers already sent by (output started at /home/pineda/public_html/wp-content/plugins/goodlayers-importer/goodlayers-importer.php:28) in /home/pineda/public_html/wp-includes/rest-api/class-wp-rest-server.php on line 1253
[30-May-2020 15:56:07 UTC] PHP Warning:  Cannot modify header information - headers already sent by (output started at /home/pineda/public_html/wp-content/plugins/goodlayers-importer/goodlayers-importer.php:28) in /home/pineda/public_html/wp-includes/rest-api/class-wp-rest-server.php on line 1253
[30-May-2020 15:56:07 UTC] PHP Warning:  Cannot modify header information - headers already sent by (output started at /home/pineda/public_html/wp-content/plugins/goodlayers-importer/goodlayers-importer.php:28) in /home/pineda/public_html/wp-includes/rest-api/class-wp-rest-server.php on line 1253
[30-May-2020 15:56:07 UTC] PHP Warning:  Cannot modify header information - headers already sent by (output started at /home/pineda/public_html/wp-content/plugins/goodlayers-importer/goodlayers-importer.php:28) in /home/pineda/public_html/wp-includes/rest-api/class-wp-rest-server.php on line 1253
[30-May-2020 15:56:07 UTC] PHP Warning:  Cannot modify header information - headers already sent by (output started at /home/pineda/public_html/wp-content/plugins/goodlayers-importer/goodlayers-importer.php:28) in /home/pineda/public_html/wp-includes/rest-api/class-wp-rest-server.php on line 1253
[30-May-2020 15:56:07 UTC] PHP Warning:  Cannot modify header information - headers already sent by (output started at /home/pineda/public_html/wp-content/plugins/goodlayers-importer/goodlayers-importer.php:28) in /home/pineda/public_html/wp-includes/rest-api/class-wp-rest-server.php on line 1253
[30-May-2020 15:56:07 UTC] PHP Warning:  Cannot modify header information - headers already sent by (output started at /home/pineda/public_html/wp-content/plugins/goodlayers-importer/goodlayers-importer.php:28) in /home/pineda/public_html/wp-includes/rest-api/class-wp-rest-server.php on line 1253
[30-May-2020 15:56:07 UTC] PHP Warning:  Cannot modify header information - headers already sent by (output started at /home/pineda/public_html/wp-content/plugins/goodlayers-importer/goodlayers-importer.php:28) in /home/pineda/public_html/wp-includes/rest-api/class-wp-rest-server.php on line 1253
[30-May-2020 15:56:07 UTC] PHP Warning:  Cannot modify header information - headers already sent by (output started at /home/pineda/public_html/wp-content/plugins/goodlayers-importer/goodlayers-importer.php:28) in /home/pineda/public_html/wp-includes/rest-api/class-wp-rest-server.php on line 1277
[30-May-2020 15:56:07 UTC] PHP Warning:  Cannot modify header information - headers already sent by (output started at /home/pineda/public_html/wp-content/plugins/goodlayers-importer/goodlayers-importer.php:28) in /home/pineda/public_html/wp-includes/rest-api/class-wp-rest-server.php on line 1253
[30-May-2020 15:56:08 UTC] PHP Warning:  Cannot modify header information - headers already sent by (output started at /home/pineda/public_html/wp-content/plugins/goodlayers-importer/goodlayers-importer.php:28) in /home/pineda/public_html/wp-includes/rest-api/class-wp-rest-server.php on line 1253
[30-May-2020 15:56:09 UTC] PHP Deprecated:  Methods with the same name as their class will not be constructors in a future version of PHP; GDLR_Import has a deprecated constructor in /home/pineda/public_html/wp-content/plugins/goodlayers-importer/goodlayers-importer.php on line 28
[30-May-2020 15:56:33 UTC] PHP Deprecated:  Methods with the same name as their class will not be constructors in a future version of PHP; GDLR_Import has a deprecated constructor in /home/pineda/public_html/wp-content/plugins/goodlayers-importer/goodlayers-importer.php on line 28
[30-May-2020 15:56:33 UTC] PHP Warning:  Cannot modify header information - headers already sent by (output started at /home/pineda/public_html/wp-content/plugins/goodlayers-importer/goodlayers-importer.php:28) in /home/pineda/public_html/wp-includes/rest-api/class-wp-rest-server.php on line 1253
[30-May-2020 15:56:33 UTC] PHP Warning:  Cannot modify header information - headers already sent by (output started at /home/pineda/public_html/wp-content/plugins/goodlayers-importer/goodlayers-importer.php:28) in /home/pineda/public_html/wp-includes/rest-api/class-wp-rest-server.php on line 1253
[30-May-2020 15:56:33 UTC] PHP Warning:  Cannot modify header information - headers already sent by (output started at /home/pineda/public_html/wp-content/plugins/goodlayers-importer/goodlayers-importer.php:28) in /home/pineda/public_html/wp-includes/rest-api/class-wp-rest-server.php on line 1253
[30-May-2020 15:56:33 UTC] PHP Warning:  Cannot modify header information - headers already sent by (output started at /home/pineda/public_html/wp-content/plugins/goodlayers-importer/goodlayers-importer.php:28) in /home/pineda/public_html/wp-includes/rest-api/class-wp-rest-server.php on line 1253
[30-May-2020 15:56:33 UTC] PHP Warning:  Cannot modify header information - headers already sent by (output started at /home/pineda/public_html/wp-content/plugins/goodlayers-importer/goodlayers-importer.php:28) in /home/pineda/public_html/wp-includes/rest-api/class-wp-rest-server.php on line 1253
[30-May-2020 15:56:33 UTC] PHP Warning:  Cannot modify header information - headers already sent by (output started at /home/pineda/public_html/wp-content/plugins/goodlayers-importer/goodlayers-importer.php:28) in /home/pineda/public_html/wp-includes/rest-api/class-wp-rest-server.php on line 1253
[30-May-2020 15:56:33 UTC] PHP Warning:  Cannot modify header information - headers already sent by (output started at /home/pineda/public_html/wp-content/plugins/goodlayers-importer/goodlayers-importer.php:28) in /home/pineda/public_html/wp-includes/rest-api/class-wp-rest-server.php on line 1253
[30-May-2020 15:56:33 UTC] PHP Warning:  Cannot modify header information - headers already sent by (output started at /home/pineda/public_html/wp-content/plugins/goodlayers-importer/goodlayers-importer.php:28) in /home/pineda/public_html/wp-includes/rest-api/class-wp-rest-server.php on line 1253
[30-May-2020 15:56:33 UTC] PHP Warning:  Cannot modify header information - headers already sent by (output started at /home/pineda/public_html/wp-content/plugins/goodlayers-importer/goodlayers-importer.php:28) in /home/pineda/public_html/wp-includes/rest-api/class-wp-rest-server.php on line 1277
[30-May-2020 15:56:33 UTC] PHP Warning:  Cannot modify header information - headers already sent by (output started at /home/pineda/public_html/wp-content/plugins/goodlayers-importer/goodlayers-importer.php:28) in /home/pineda/public_html/wp-includes/rest-api/class-wp-rest-server.php on line 1253
[30-May-2020 15:56:33 UTC] PHP Warning:  Cannot modify header information - headers already sent by (output started at /home/pineda/public_html/wp-content/plugins/goodlayers-importer/goodlayers-importer.php:28) in /home/pineda/public_html/wp-includes/rest-api/class-wp-rest-server.php on line 1253
[30-May-2020 15:56:33 UTC] PHP Warning:  Cannot modify header information - headers already sent by (output started at /home/pineda/public_html/wp-content/plugins/goodlayers-importer/goodlayers-importer.php:28) in /home/pineda/public_html/wp-includes/rest-api.php on line 588
[30-May-2020 15:56:33 UTC] PHP Warning:  Cannot modify header information - headers already sent by (output started at /home/pineda/public_html/wp-content/plugins/goodlayers-importer/goodlayers-importer.php:28) in /home/pineda/public_html/wp-includes/rest-api.php on line 589
[30-May-2020 15:56:33 UTC] PHP Warning:  Cannot modify header information - headers already sent by (output started at /home/pineda/public_html/wp-content/plugins/goodlayers-importer/goodlayers-importer.php:28) in /home/pineda/public_html/wp-includes/rest-api.php on line 590
[30-May-2020 15:56:33 UTC] PHP Warning:  Cannot modify header information - headers already sent by (output started at /home/pineda/public_html/wp-content/plugins/goodlayers-importer/goodlayers-importer.php:28) in /home/pineda/public_html/wp-includes/rest-api.php on line 591
[30-May-2020 15:56:42 UTC] PHP Deprecated:  Methods with the same name as their class will not be constructors in a future version of PHP; GDLR_Import has a deprecated constructor in /home/pineda/public_html/wp-content/plugins/goodlayers-importer/goodlayers-importer.php on line 28
[30-May-2020 15:56:54 UTC] PHP Deprecated:  Methods with the same name as their class will not be constructors in a future version of PHP; GDLR_Import has a deprecated constructor in /home/pineda/public_html/wp-content/plugins/goodlayers-importer/goodlayers-importer.php on line 28
[30-May-2020 15:57:18 UTC] PHP Deprecated:  Methods with the same name as their class will not be constructors in a future version of PHP; GDLR_Import has a deprecated constructor in /home/pineda/public_html/wp-content/plugins/goodlayers-importer/goodlayers-importer.php on line 28
[30-May-2020 15:57:49 UTC] PHP Deprecated:  Methods with the same name as their class will not be constructors in a future version of PHP; GDLR_Import has a deprecated constructor in /home/pineda/public_html/wp-content/plugins/goodlayers-importer/goodlayers-importer.php on line 28
[30-May-2020 15:58:09 UTC] PHP Deprecated:  Methods with the same name as their class will not be constructors in a future version of PHP; GDLR_Import has a deprecated constructor in /home/pineda/public_html/wp-content/plugins/goodlayers-importer/goodlayers-importer.php on line 28
[30-May-2020 15:58:10 UTC] PHP Warning:  Cannot modify header information - headers already sent by (output started at /home/pineda/public_html/wp-content/plugins/goodlayers-importer/goodlayers-importer.php:28) in /home/pineda/public_html/wp-includes/rest-api/class-wp-rest-server.php on line 1253
[30-May-2020 15:58:10 UTC] PHP Warning:  Cannot modify header information - headers already sent by (output started at /home/pineda/public_html/wp-content/plugins/goodlayers-importer/goodlayers-importer.php:28) in /home/pineda/public_html/wp-includes/rest-api/class-wp-rest-server.php on line 1253
[30-May-2020 15:58:10 UTC] PHP Warning:  Cannot modify header information - headers already sent by (output started at /home/pineda/public_html/wp-content/plugins/goodlayers-importer/goodlayers-importer.php:28) in /home/pineda/public_html/wp-includes/rest-api/class-wp-rest-server.php on line 1253
[30-May-2020 15:58:10 UTC] PHP Warning:  Cannot modify header information - headers already sent by (output started at /home/pineda/public_html/wp-content/plugins/goodlayers-importer/goodlayers-importer.php:28) in /home/pineda/public_html/wp-includes/rest-api/class-wp-rest-server.php on line 1253
[30-May-2020 15:58:10 UTC] PHP Warning:  Cannot modify header information - headers already sent by (output started at /home/pineda/public_html/wp-content/plugins/goodlayers-importer/goodlayers-importer.php:28) in /home/pineda/public_html/wp-includes/rest-api/class-wp-rest-server.php on line 1253
[30-May-2020 15:58:10 UTC] PHP Warning:  Cannot modify header information - headers already sent by (output started at /home/pineda/public_html/wp-content/plugins/goodlayers-importer/goodlayers-importer.php:28) in /home/pineda/public_html/wp-includes/rest-api/class-wp-rest-server.php on line 1253
[30-May-2020 15:58:10 UTC] PHP Warning:  Cannot modify header information - headers already sent by (output started at /home/pineda/public_html/wp-content/plugins/goodlayers-importer/goodlayers-importer.php:28) in /home/pineda/public_html/wp-includes/rest-api/class-wp-rest-server.php on line 1253
[30-May-2020 15:58:10 UTC] PHP Warning:  Cannot modify header information - headers already sent by (output started at /home/pineda/public_html/wp-content/plugins/goodlayers-importer/goodlayers-importer.php:28) in /home/pineda/public_html/wp-includes/rest-api/class-wp-rest-server.php on line 1253
[30-May-2020 15:58:10 UTC] PHP Warning:  Cannot modify header information - headers already sent by (output started at /home/pineda/public_html/wp-content/plugins/goodlayers-importer/goodlayers-importer.php:28) in /home/pineda/public_html/wp-includes/rest-api/class-wp-rest-server.php on line 1277
[30-May-2020 15:58:10 UTC] PHP Warning:  Cannot modify header information - headers already sent by (output started at /home/pineda/public_html/wp-content/plugins/goodlayers-importer/goodlayers-importer.php:28) in /home/pineda/public_html/wp-includes/rest-api/class-wp-rest-server.php on line 1253
[30-May-2020 15:58:10 UTC] PHP Warning:  Cannot modify header information - headers already sent by (output started at /home/pineda/public_html/wp-content/plugins/goodlayers-importer/goodlayers-importer.php:28) in /home/pineda/public_html/wp-includes/rest-api/class-wp-rest-server.php on line 1253
[30-May-2020 15:58:14 UTC] PHP Deprecated:  Methods with the same name as their class will not be constructors in a future version of PHP; GDLR_Import has a deprecated constructor in /home/pineda/public_html/wp-content/plugins/goodlayers-importer/goodlayers-importer.php on line 28
[30-May-2020 15:58:54 UTC] PHP Deprecated:  Methods with the same name as their class will not be constructors in a future version of PHP; GDLR_Import has a deprecated constructor in /home/pineda/public_html/wp-content/plugins/goodlayers-importer/goodlayers-importer.php on line 28
[30-May-2020 15:59:11 UTC] PHP Deprecated:  Methods with the same name as their class will not be constructors in a future version of PHP; GDLR_Import has a deprecated constructor in /home/pineda/public_html/wp-content/plugins/goodlayers-importer/goodlayers-importer.php on line 28
[30-May-2020 15:59:12 UTC] PHP Warning:  Cannot modify header information - headers already sent by (output started at /home/pineda/public_html/wp-content/plugins/goodlayers-importer/goodlayers-importer.php:28) in /home/pineda/public_html/wp-includes/rest-api/class-wp-rest-server.php on line 1253
[30-May-2020 15:59:12 UTC] PHP Warning:  Cannot modify header information - headers already sent by (output started at /home/pineda/public_html/wp-content/plugins/goodlayers-importer/goodlayers-importer.php:28) in /home/pineda/public_html/wp-includes/rest-api/class-wp-rest-server.php on line 1253
[30-May-2020 15:59:12 UTC] PHP Warning:  Cannot modify header information - headers already sent by (output started at /home/pineda/public_html/wp-content/plugins/goodlayers-importer/goodlayers-importer.php:28) in /home/pineda/public_html/wp-includes/rest-api/class-wp-rest-server.php on line 1253
[30-May-2020 15:59:12 UTC] PHP Warning:  Cannot modify header information - headers already sent by (output started at /home/pineda/public_html/wp-content/plugins/goodlayers-importer/goodlayers-importer.php:28) in /home/pineda/public_html/wp-includes/rest-api/class-wp-rest-server.php on line 1253
[30-May-2020 15:59:12 UTC] PHP Warning:  Cannot modify header information - headers already sent by (output started at /home/pineda/public_html/wp-content/plugins/goodlayers-importer/goodlayers-importer.php:28) in /home/pineda/public_html/wp-includes/rest-api/class-wp-rest-server.php on line 1253
[30-May-2020 15:59:12 UTC] PHP Warning:  Cannot modify header information - headers already sent by (output started at /home/pineda/public_html/wp-content/plugins/goodlayers-importer/goodlayers-importer.php:28) in /home/pineda/public_html/wp-includes/rest-api/class-wp-rest-server.php on line 1253
[30-May-2020 15:59:12 UTC] PHP Warning:  Cannot modify header information - headers already sent by (output started at /home/pineda/public_html/wp-content/plugins/goodlayers-importer/goodlayers-importer.php:28) in /home/pineda/public_html/wp-includes/rest-api/class-wp-rest-server.php on line 1253
[30-May-2020 15:59:12 UTC] PHP Warning:  Cannot modify header information - headers already sent by (output started at /home/pineda/public_html/wp-content/plugins/goodlayers-importer/goodlayers-importer.php:28) in /home/pineda/public_html/wp-includes/rest-api/class-wp-rest-server.php on line 1253
[30-May-2020 15:59:12 UTC] PHP Warning:  Cannot modify header information - headers already sent by (output started at /home/pineda/public_html/wp-content/plugins/goodlayers-importer/goodlayers-importer.php:28) in /home/pineda/public_html/wp-includes/rest-api/class-wp-rest-server.php on line 1277
[30-May-2020 15:59:12 UTC] PHP Warning:  Cannot modify header information - headers already sent by (output started at /home/pineda/public_html/wp-content/plugins/goodlayers-importer/goodlayers-importer.php:28) in /home/pineda/public_html/wp-content/plugins/popup-maker/classes/Analytics.php on line 186
[30-May-2020 15:59:12 UTC] PHP Warning:  Cannot modify header information - headers already sent by (output started at /home/pineda/public_html/wp-content/plugins/goodlayers-importer/goodlayers-importer.php:28) in /home/pineda/public_html/wp-content/plugins/popup-maker/classes/Analytics.php on line 187
[30-May-2020 15:59:12 UTC] PHP Warning:  Cannot modify header information - headers already sent by (output started at /home/pineda/public_html/wp-content/plugins/goodlayers-importer/goodlayers-importer.php:28) in /home/pineda/public_html/wp-content/plugins/popup-maker/classes/Analytics.php on line 188
[30-May-2020 16:00:21 UTC] PHP Deprecated:  Methods with the same name as their class will not be constructors in a future version of PHP; GDLR_Import has a deprecated constructor in /home/pineda/public_html/wp-content/plugins/goodlayers-importer/goodlayers-importer.php on line 28
[30-May-2020 16:00:21 UTC] PHP Warning:  Cannot modify header information - headers already sent by (output started at /home/pineda/public_html/wp-content/plugins/goodlayers-importer/goodlayers-importer.php:28) in /home/pineda/public_html/wp-includes/rest-api/class-wp-rest-server.php on line 1253
[30-May-2020 16:00:21 UTC] PHP Warning:  Cannot modify header information - headers already sent by (output started at /home/pineda/public_html/wp-content/plugins/goodlayers-importer/goodlayers-importer.php:28) in /home/pineda/public_html/wp-includes/rest-api/class-wp-rest-server.php on line 1253
[30-May-2020 16:00:21 UTC] PHP Warning:  Cannot modify header information - headers already sent by (output started at /home/pineda/public_html/wp-content/plugins/goodlayers-importer/goodlayers-importer.php:28) in /home/pineda/public_html/wp-includes/rest-api/class-wp-rest-server.php on line 1253
[30-May-2020 16:00:21 UTC] PHP Warning:  Cannot modify header information - headers already sent by (output started at /home/pineda/public_html/wp-content/plugins/goodlayers-importer/goodlayers-importer.php:28) in /home/pineda/public_html/wp-includes/rest-api/class-wp-rest-server.php on line 1253
[30-May-2020 16:00:21 UTC] PHP Warning:  Cannot modify header information - headers already sent by (output started at /home/pineda/public_html/wp-content/plugins/goodlayers-importer/goodlayers-importer.php:28) in /home/pineda/public_html/wp-includes/rest-api/class-wp-rest-server.php on line 1253
[30-May-2020 16:00:21 UTC] PHP Warning:  Cannot modify header information - headers already sent by (output started at /home/pineda/public_html/wp-content/plugins/goodlayers-importer/goodlayers-importer.php:28) in /home/pineda/public_html/wp-includes/rest-api/class-wp-rest-server.php on line 1253
[30-May-2020 16:00:21 UTC] PHP Warning:  Cannot modify header information - headers already sent by (output started at /home/pineda/public_html/wp-content/plugins/goodlayers-importer/goodlayers-importer.php:28) in /home/pineda/public_html/wp-includes/rest-api/class-wp-rest-server.php on line 1253
[30-May-2020 16:00:21 UTC] PHP Warning:  Cannot modify header information - headers already sent by (output started at /home/pineda/public_html/wp-content/plugins/goodlayers-importer/goodlayers-importer.php:28) in /home/pineda/public_html/wp-includes/rest-api/class-wp-rest-server.php on line 1253
[30-May-2020 16:00:21 UTC] PHP Warning:  Cannot modify header information - headers already sent by (output started at /home/pineda/public_html/wp-content/plugins/goodlayers-importer/goodlayers-importer.php:28) in /home/pineda/public_html/wp-includes/rest-api/class-wp-rest-server.php on line 1277
[30-May-2020 16:00:21 UTC] PHP Warning:  Cannot modify header information - headers already sent by (output started at /home/pineda/public_html/wp-content/plugins/goodlayers-importer/goodlayers-importer.php:28) in /home/pineda/public_html/wp-includes/rest-api/class-wp-rest-server.php on line 1253
[30-May-2020 16:00:22 UTC] PHP Warning:  Cannot modify header information - headers already sent by (output started at /home/pineda/public_html/wp-content/plugins/goodlayers-importer/goodlayers-importer.php:28) in /home/pineda/public_html/wp-includes/rest-api/class-wp-rest-server.php on line 1253
[30-May-2020 16:00:27 UTC] PHP Deprecated:  Methods with the same name as their class will not be constructors in a future version of PHP; GDLR_Import has a deprecated constructor in /home/pineda/public_html/wp-content/plugins/goodlayers-importer/goodlayers-importer.php on line 28
[30-May-2020 16:01:50 UTC] PHP Deprecated:  Methods with the same name as their class will not be constructors in a future version of PHP; GDLR_Import has a deprecated constructor in /home/pineda/public_html/wp-content/plugins/goodlayers-importer/goodlayers-importer.php on line 28
[30-May-2020 16:01:51 UTC] PHP Warning:  Cannot modify header information - headers already sent by (output started at /home/pineda/public_html/wp-content/plugins/goodlayers-importer/goodlayers-importer.php:28) in /home/pineda/public_html/wp-includes/rest-api/class-wp-rest-server.php on line 1253
[30-May-2020 16:01:51 UTC] PHP Warning:  Cannot modify header information - headers already sent by (output started at /home/pineda/public_html/wp-content/plugins/goodlayers-importer/goodlayers-importer.php:28) in /home/pineda/public_html/wp-includes/rest-api/class-wp-rest-server.php on line 1253
[30-May-2020 16:01:51 UTC] PHP Warning:  Cannot modify header information - headers already sent by (output started at /home/pineda/public_html/wp-content/plugins/goodlayers-importer/goodlayers-importer.php:28) in /home/pineda/public_html/wp-includes/rest-api/class-wp-rest-server.php on line 1253
[30-May-2020 16:01:51 UTC] PHP Warning:  Cannot modify header information - headers already sent by (output started at /home/pineda/public_html/wp-content/plugins/goodlayers-importer/goodlayers-importer.php:28) in /home/pineda/public_html/wp-includes/rest-api/class-wp-rest-server.php on line 1253
[30-May-2020 16:01:51 UTC] PHP Warning:  Cannot modify header information - headers already sent by (output started at /home/pineda/public_html/wp-content/plugins/goodlayers-importer/goodlayers-importer.php:28) in /home/pineda/public_html/wp-includes/rest-api/class-wp-rest-server.php on line 1253
[30-May-2020 16:01:51 UTC] PHP Warning:  Cannot modify header information - headers already sent by (output started at /home/pineda/public_html/wp-content/plugins/goodlayers-importer/goodlayers-importer.php:28) in /home/pineda/public_html/wp-includes/rest-api/class-wp-rest-server.php on line 1253
[30-May-2020 16:01:51 UTC] PHP Warning:  Cannot modify header information - headers already sent by (output started at /home/pineda/public_html/wp-content/plugins/goodlayers-importer/goodlayers-importer.php:28) in /home/pineda/public_html/wp-includes/rest-api/class-wp-rest-server.php on line 1253
[30-May-2020 16:01:51 UTC] PHP Warning:  Cannot modify header information - headers already sent by (output started at /home/pineda/public_html/wp-content/plugins/goodlayers-importer/goodlayers-importer.php:28) in /home/pineda/public_html/wp-includes/rest-api/class-wp-rest-server.php on line 1253
[30-May-2020 16:01:51 UTC] PHP Warning:  Cannot modify header information - headers already sent by (output started at /home/pineda/public_html/wp-content/plugins/goodlayers-importer/goodlayers-importer.php:28) in /home/pineda/public_html/wp-includes/rest-api/class-wp-rest-server.php on line 1277
[30-May-2020 16:01:51 UTC] PHP Warning:  Cannot modify header information - headers already sent by (output started at /home/pineda/public_html/wp-content/plugins/goodlayers-importer/goodlayers-importer.php:28) in /home/pineda/public_html/wp-includes/rest-api/class-wp-rest-server.php on line 1253
[30-May-2020 16:01:51 UTC] PHP Warning:  Cannot modify header information - headers already sent by (output started at /home/pineda/public_html/wp-content/plugins/goodlayers-importer/goodlayers-importer.php:28) in /home/pineda/public_html/wp-includes/rest-api/class-wp-rest-server.php on line 1253
[30-May-2020 16:01:55 UTC] PHP Deprecated:  Methods with the same name as their class will not be constructors in a future version of PHP; GDLR_Import has a deprecated constructor in /home/pineda/public_html/wp-content/plugins/goodlayers-importer/goodlayers-importer.php on line 28
[30-May-2020 16:02:00 UTC] PHP Deprecated:  Methods with the same name as their class will not be constructors in a future version of PHP; GDLR_Import has a deprecated constructor in /home/pineda/public_html/wp-content/plugins/goodlayers-importer/goodlayers-importer.php on line 28
[30-May-2020 16:03:14 UTC] PHP Deprecated:  Methods with the same name as their class will not be constructors in a future version of PHP; GDLR_Import has a deprecated constructor in /home/pineda/public_html/wp-content/plugins/goodlayers-importer/goodlayers-importer.php on line 28
